app/build/outputs/logs/manifest-merger-debug-report.txt
-- Merging decision tree log ---
manifest
ADDED from src\main\AndroidManifest.xml:2:1-84:12
	package
		ADDED from src\main\AndroidManifest.xml:4:11-41
		INJECTED from src\main\AndroidManifest.xml
		INJECTED from src\main\AndroidManifest.xml
	android:versionName
		INJECTED from src\main\AndroidManifest.xml
		INJECTED from src\main\AndroidManifest.xml
	xmlns:tools
		ADDED from src\main\AndroidManifest.xml:3:11-57
	xmlns:android
		ADDED from src\main\AndroidManifest.xml:2:11-69
	android:versionCode
		INJECTED from src\main\AndroidManifest.xml
		INJECTED from src\main\AndroidManifest.xml
uses-permission#android.permission.INTERNET
ADDED from src\main\AndroidManifest.xml:6:5-66
	android:name
		ADDED from src\main\AndroidManifest.xml:6:22-64
uses-permission#android.permission.WRITE_EXTERNAL_STORAGE
ADDED from src\main\AndroidManifest.xml:7:5-80
	android:name
		ADDED from src\main\AndroidManifest.xml:7:22-78
uses-permission#android.permission.READ_EXTERNAL_STORAGE
ADDED from src\main\AndroidManifest.xml:8:5-79
	android:name
		ADDED from src\main\AndroidManifest.xml:8:22-77
uses-permission#android.permission.CAMERA
ADDED from src\main\AndroidManifest.xml:9:5-64
	android:name
		ADDED from src\main\AndroidManifest.xml:9:22-62
uses-permission#android.permission.ACCESS_WIFI_STATE
ADDED from src\main\AndroidManifest.xml:10:5-76
	android:name
		ADDED from src\main\AndroidManifest.xml:10:22-73
uses-permission#android.permission.ACCESS_NETWORK_STATE
ADDED from src\main\AndroidManifest.xml:11:5-78
	android:name
		ADDED from src\main\AndroidManifest.xml:11:22-76
uses-permission#com.android.launcher.permission.INSTALL_SHORTCUT
ADDED from src\main\AndroidManifest.xml:12:5-87
	android:name
		ADDED from src\main\AndroidManifest.xml:12:22-85
uses-permission#android.permission.SYSTEM_ALERT_WINDOW
ADDED from src\main\AndroidManifest.xml:13:5-77
	android:name
		ADDED from src\main\AndroidManifest.xml:13:22-75
uses-permission#android.permission.SYSTEM_OVERLAY_WINDOW
ADDED from src\main\AndroidManifest.xml:14:5-79
	android:name
		ADDED from src\main\AndroidManifest.xml:14:22-77
uses-permission#android.permission.VIBRATE
ADDED from src\main\AndroidManifest.xml:15:5-65
	android:name
		ADDED from src\main\AndroidManifest.xml:15:22-63
uses-permission#android.permission.READ_PHONE_STATE
ADDED from src\main\AndroidManifest.xml:16:5-74
	android:name
		ADDED from src\main\AndroidManifest.xml:16:22-72
uses-feature#android.hardware.camera
ADDED from src\main\AndroidManifest.xml:19:5-59
	android:name
		ADDED from src\main\AndroidManifest.xml:19:19-57
uses-feature#android.hardware.camera.autofocus
ADDED from src\main\AndroidManifest.xml:20:5-69
	android:name
		ADDED from src\main\AndroidManifest.xml:20:19-67
application
ADDED from src\main\AndroidManifest.xml:21:5-82:19
MERGED from [android:sdk:0.9.4] AndroidManifest.xml:29:5-35:19
MERGED from [com.android.support:design:23.1.1] AndroidManifest.xml:22:5-20
MERGED from [com.android.support:appcompat-v7:23.1.1] AndroidManifest.xml:22:5-20
MERGED from [com.android.support:support-v4:23.1.1] AndroidManifest.xml:22:5-20
MERGED from [com.taobao.android:weex_inspector:0.10.0.5] AndroidManifest.xml:13:5-20
	android:label
		ADDED from src\main\AndroidManifest.xml:25:13-45
	android:supportsRtl
		ADDED from src\main\AndroidManifest.xml:26:13-39
	tools:overrideLibrary
		ADDED from src\main\AndroidManifest.xml:27:13-64
	android:allowBackup
		ADDED from src\main\AndroidManifest.xml:23:13-40
	android:icon
		ADDED from src\main\AndroidManifest.xml:24:13-47
	android:theme
		ADDED from src\main\AndroidManifest.xml:28:13-44
	android:name
		ADDED from src\main\AndroidManifest.xml:22:13-42
uses-library#android.test.runner
ADDED from src\main\AndroidManifest.xml:29:9-59
	android:name
		ADDED from src\main\AndroidManifest.xml:29:23-57
meta-data#com.amap.api.v2.apikey
ADDED from src\main\AndroidManifest.xml:30:9-32:64
	android:value
		ADDED from src\main\AndroidManifest.xml:32:13-61
	android:name
		ADDED from src\main\AndroidManifest.xml:31:13-50
activity#com.chejiaozhen.weex.wxapi.WXPayEntryActivity
ADDED from src\main\AndroidManifest.xml:33:9-36:45
	android:launchMode
		ADDED from src\main\AndroidManifest.xml:36:13-43
	android:exported
		ADDED from src\main\AndroidManifest.xml:35:13-36
	android:name
		ADDED from src\main\AndroidManifest.xml:34:13-53
activity#com.chejiaozhen.weex.SplashActivity
ADDED from src\main\AndroidManifest.xml:37:9-47:20
	android:screenOrientation
		ADDED from src\main\AndroidManifest.xml:41:17-53
	android:label
		ADDED from src\main\AndroidManifest.xml:40:17-49
	android:configChanges
		ADDED from src\main\AndroidManifest.xml:39:17-78
	android:theme
		ADDED from src\main\AndroidManifest.xml:42:17-55
	android:name
		ADDED from src\main\AndroidManifest.xml:38:17-47
intent-filter#android.intent.action.MAIN+android.intent.category.LAUNCHER
ADDED from src\main\AndroidManifest.xml:43:13-46:29
action#android.intent.action.MAIN
ADDED from src\main\AndroidManifest.xml:44:17-68
	android:name
		ADDED from src\main\AndroidManifest.xml:44:25-66
category#android.intent.category.LAUNCHER
ADDED from src\main\AndroidManifest.xml:45:17-76
	android:name
		ADDED from src\main\AndroidManifest.xml:45:27-74
activity#com.chejiaozhen.weex.WXPageActivity
ADDED from src\main\AndroidManifest.xml:48:9-62:20
	android:screenOrientation
		ADDED from src\main\AndroidManifest.xml:51:17-53
	android:label
		ADDED from src\main\AndroidManifest.xml:50:17-49
	android:theme
		ADDED from src\main\AndroidManifest.xml:52:17-55
	android:name
		ADDED from src\main\AndroidManifest.xml:49:17-47
intent-filter#android.intent.action.VIEW+android.intent.category.DEFAULT+com.alibaba.weex.protocol.openurl+com.taobao.android.intent.category.WEEX
ADDED from src\main\AndroidManifest.xml:53:13-61:29
action#android.intent.action.VIEW
ADDED from src\main\AndroidManifest.xml:54:17-68
	android:name
		ADDED from src\main\AndroidManifest.xml:54:25-66
action#com.alibaba.weex.protocol.openurl
ADDED from src\main\AndroidManifest.xml:55:17-75
	android:name
		ADDED from src\main\AndroidManifest.xml:55:25-73
category#android.intent.category.DEFAULT
ADDED from src\main\AndroidManifest.xml:56:17-75
	android:name
		ADDED from src\main\AndroidManifest.xml:56:27-73
category#com.taobao.android.intent.category.WEEX
ADDED from src\main\AndroidManifest.xml:57:17-83
	android:name
		ADDED from src\main\AndroidManifest.xml:57:27-81
data
ADDED from src\main\AndroidManifest.xml:58:17-46
	android:scheme
		ADDED from src\main\AndroidManifest.xml:58:23-44
activity#com.chejiaozhen.weex.CropActivity
ADDED from src\main\AndroidManifest.xml:64:9-49
	android:name
		ADDED from src\main\AndroidManifest.xml:64:19-47
activity#com.alipay.sdk.app.H5PayActivity
ADDED from src\main\AndroidManifest.xml:66:9-72:20
	android:screenOrientation
		ADDED from src\main\AndroidManifest.xml:70:13-47
	android:exported
		ADDED from src\main\AndroidManifest.xml:69:13-37
	android:windowSoftInputMode
		ADDED from src\main\AndroidManifest.xml:71:13-67
	android:configChanges
		ADDED from src\main\AndroidManifest.xml:68:13-85
	android:name
		ADDED from src\main\AndroidManifest.xml:67:13-60
activity#com.alipay.sdk.app.H5AuthActivity
ADDED from src\main\AndroidManifest.xml:73:9-79:20
	android:screenOrientation
		ADDED from src\main\AndroidManifest.xml:77:13-47
	android:exported
		ADDED from src\main\AndroidManifest.xml:76:13-37
	android:windowSoftInputMode
		ADDED from src\main\AndroidManifest.xml:78:13-67
	android:configChanges
		ADDED from src\main\AndroidManifest.xml:75:13-74
	android:name
		ADDED from src\main\AndroidManifest.xml:74:13-61
uses-sdk
INJECTED from src\main\AndroidManifest.xml reason: use-sdk injection requested
MERGED from [android:appframework:unspecified] AndroidManifest.xml:7:5-9:41
MERGED from [com.facebook.fresco:fresco:0.10.0] AndroidManifest.xml:5:5-7:41
MERGED from [com.facebook.fresco:drawee:0.10.0] AndroidManifest.xml:5:5-7:41
MERGED from [com.facebook.fresco:imagepipeline:0.10.0] AndroidManifest.xml:5:5-7:41
MERGED from [com.facebook.fresco:imagepipeline-base:0.10.0] AndroidManifest.xml:5:5-7:41
MERGED from [com.facebook.fresco:fbcore:0.10.0] AndroidManifest.xml:5:5-7:41
MERGED from [android:sdk:0.9.4] AndroidManifest.xml:25:5-27:41
MERGED from [com.android.support:design:23.1.1] AndroidManifest.xml:20:5-43
MERGED from [com.android.support:appcompat-v7:23.1.1] AndroidManifest.xml:20:5-43
MERGED from [com.android.support:recyclerview-v7:23.1.1] AndroidManifest.xml:20:5-43
MERGED from [com.android.support:support-v4:23.1.1] AndroidManifest.xml:20:5-43
MERGED from [com.kevin:crop:1.0.2] AndroidManifest.xml:8:5-10:41
MERGED from [com.taobao.android:weex_inspector:0.10.0.5] AndroidManifest.xml:8:5-11:60
	tools:overrideLibrary
		ADDED from [com.taobao.android:weex_inspector:0.10.0.5] AndroidManifest.xml:11:9-57
	android:targetSdkVersion
		INJECTED from src\main\AndroidManifest.xml
		INJECTED from src\main\AndroidManifest.xml
	android:minSdkVersion
		INJECTED from src\main\AndroidManifest.xml
		INJECTED from src\main\AndroidManifest.xml
receiver#com.taobao.weex.WXGlobalEventReceiver
ADDED from [android:sdk:0.9.4] AndroidManifest.xml:30:9-34:20
	android:enabled
		ADDED from [android:sdk:0.9.4] AndroidManifest.xml:32:13-35
	android:exported
		ADDED from [android:sdk:0.9.4] AndroidManifest.xml:33:13-37
	android:name
		ADDED from [android:sdk:0.9.4] AndroidManifest.xml:31:13-65